# JRE version: Java(TM) SE Runtime Environment 18.9 (11.0.16+11) (build 11.0.16+11-LTS-199)
# Java VM: Java HotSpot(TM) 64-Bit Server VM 18.9 (11.0.16+11-LTS-199, mixed mode, tiered, compressed oops, g1 gc, windows-amd64)
Heap:
 garbage-first heap   total 315392K, used 9599K [0x0000000700000000, 0x0000000800000000)
  region size 1024K, 6 young (6144K), 6 survivors (6144K)
 Metaspace       used 25270K, capacity 25959K, committed 26160K, reserved 1073152K
  class space    used 3104K, capacity 3385K, committed 3456K, reserved 1048576K
GC Heap History (9 events):
Event: 0.519 GC heap before
{Heap before GC invocations=0 (full 0):
 garbage-first heap   total 262144K, used 13312K [0x0000000700000000, 0x0000000800000000)
  region size 1024K, 14 young (14336K), 0 survivors (0K)
 Metaspace       used 9666K, capacity 9858K, committed 9984K, reserved 1058816K
  class space    used 938K, capacity 991K, committed 1024K, reserved 1048576K
}
Event: 0.524 GC heap after
{Heap after GC invocations=1 (full 0):
 garbage-first heap   total 262144K, used 4331K [0x0000000700000000, 0x0000000800000000)
  region size 1024K, 2 young (2048K), 2 survivors (2048K)
 Metaspace       used 9666K, capacity 9858K, committed 9984K, reserved 1058816K
  class space    used 938K, capacity 991K, committed 1024K, reserved 1048576K
}
Event: 0.734 GC heap before
{Heap before GC invocations=1 (full 0):
 garbage-first heap   total 262144K, used 14571K [0x0000000700000000, 0x0000000800000000)
  region size 1024K, 12 young (12288K), 2 survivors (2048K)
 Metaspace       used 12708K, capacity 12980K, committed 13312K, reserved 1060864K
  class space    used 1331K, capacity 1447K, committed 1536K, reserved 1048576K
}
Event: 0.738 GC heap after
{Heap after GC invocations=2 (full 0):
 garbage-first heap   total 262144K, used 5246K [0x0000000700000000, 0x0000000800000000)
  region size 1024K, 1 young (1024K), 1 survivors (1024K)
 Metaspace       used 12708K, capacity 12980K, committed 13312K, reserved 1060864K
  class space    used 1331K, capacity 1447K, committed 1536K, reserved 1048576K
}
Event: 1.151 GC heap before
{Heap before GC invocations=2 (full 0):
 garbage-first heap   total 262144K, used 34942K [0x0000000700000000, 0x0000000800000000)
  region size 1024K, 30 young (30720K), 1 survivors (1024K)
 Metaspace       used 19001K, capacity 19478K, committed 19584K, reserved 1067008K
  class space    used 2195K, capacity 2403K, committed 2432K, reserved 1048576K
}
Event: 1.155 GC heap after
{Heap after GC invocations=3 (full 0):
 garbage-first heap   total 262144K, used 6564K [0x0000000700000000, 0x0000000800000000)
  region size 1024K, 3 young (3072K), 3 survivors (3072K)
 Metaspace       used 19001K, capacity 19478K, committed 19584K, reserved 1067008K
  class space    used 2195K, capacity 2403K, committed 2432K, reserved 1048576K
}
Event: 1.320 GC heap before
{Heap before GC invocations=3 (full 0):
 garbage-first heap   total 262144K, used 18852K [0x0000000700000000, 0x0000000800000000)
  region size 1024K, 17 young (17408K), 3 survivors (3072K)
 Metaspace       used 20641K, capacity 21143K, committed 21296K, reserved 1069056K
  class space    used 2402K, capacity 2636K, committed 2688K, reserved 1048576K
}
Event: 1.324 GC heap after
{Heap after GC invocations=4 (full 0):
 garbage-first heap   total 262144K, used 7285K [0x0000000700000000, 0x0000000800000000)
  region size 1024K, 3 young (3072K), 3 survivors (3072K)
 Metaspace       used 20641K, capacity 21143K, committed 21296K, reserved 1069056K
  class space    used 2402K, capacity 2636K, committed 2688K, reserved 1048576K
}
Event: 2.124 GC heap before
{Heap before GC invocations=5 (full 0):
 garbage-first heap   total 262144K, used 56437K [0x0000000700000000, 0x0000000800000000)
  region size 1024K, 51 young (52224K), 3 survivors (3072K)
 Metaspace       used 25270K, capacity 25959K, committed 26160K, reserved 1073152K
  class space    used 3104K, capacity 3385K, committed 3456K, reserved 1048576K
}

