# JRE version: Java(TM) SE Runtime Environment 18.9 (11.0.16+11) (build 11.0.16+11-LTS-199)
# Java VM: Java HotSpot(TM) 64-Bit Server VM 18.9 (11.0.16+11-LTS-199, mixed mode, tiered, compressed oops, g1 gc, windows-amd64)
Heap:
 garbage-first heap   total 315392K, used 94976K [0x0000000700000000, 0x0000000800000000)
  region size 1024K, 88 young (90112K), 8 survivors (8192K)
 Metaspace       used 43157K, capacity 44758K, committed 44976K, reserved 1087488K
  class space    used 5386K, capacity 6050K, committed 6144K, reserved 1048576K
GC Heap History (10 events):
Event: 0.880 GC heap before
{Heap before GC invocations=1 (full 0):
 garbage-first heap   total 262144K, used 16498K [0x0000000700000000, 0x0000000800000000)
  region size 1024K, 12 young (12288K), 2 survivors (2048K)
 Metaspace       used 12337K, capacity 12667K, committed 12928K, reserved 1060864K
  class space    used 1245K, capacity 1374K, committed 1408K, reserved 1048576K
}
Event: 0.886 GC heap after
{Heap after GC invocations=2 (full 0):
 garbage-first heap   total 262144K, used 6388K [0x0000000700000000, 0x0000000800000000)
  region size 1024K, 1 young (1024K), 1 survivors (1024K)
 Metaspace       used 12337K, capacity 12667K, committed 12928K, reserved 1060864K
  class space    used 1245K, capacity 1374K, committed 1408K, reserved 1048576K
}
Event: 1.626 GC heap before
{Heap before GC invocations=2 (full 0):
 garbage-first heap   total 262144K, used 39156K [0x0000000700000000, 0x0000000800000000)
  region size 1024K, 33 young (33792K), 1 survivors (1024K)
 Metaspace       used 18528K, capacity 19057K, committed 19200K, reserved 1067008K
  class space    used 2013K, capacity 2236K, committed 2304K, reserved 1048576K
}
Event: 1.631 GC heap after
{Heap after GC invocations=3 (full 0):
 garbage-first heap   total 262144K, used 7722K [0x0000000700000000, 0x0000000800000000)
  region size 1024K, 2 young (2048K), 2 survivors (2048K)
 Metaspace       used 18528K, capacity 19057K, committed 19200K, reserved 1067008K
  class space    used 2013K, capacity 2236K, committed 2304K, reserved 1048576K
}
Event: 1.959 GC heap before
{Heap before GC invocations=3 (full 0):
 garbage-first heap   total 262144K, used 18986K [0x0000000700000000, 0x0000000800000000)
  region size 1024K, 14 young (14336K), 2 survivors (2048K)
 Metaspace       used 20473K, capacity 21140K, committed 21296K, reserved 1069056K
  class space    used 2299K, capacity 2601K, committed 2688K, reserved 1048576K
}
Event: 1.964 GC heap after
{Heap after GC invocations=4 (full 0):
 garbage-first heap   total 262144K, used 8488K [0x0000000700000000, 0x0000000800000000)
  region size 1024K, 3 young (3072K), 3 survivors (3072K)
 Metaspace       used 20473K, capacity 21140K, committed 21296K, reserved 1069056K
  class space    used 2299K, capacity 2601K, committed 2688K, reserved 1048576K
}
Event: 2.748 GC heap before
{Heap before GC invocations=5 (full 0):
 garbage-first heap   total 262144K, used 55592K [0x0000000700000000, 0x0000000800000000)
  region size 1024K, 50 young (51200K), 3 survivors (3072K)
 Metaspace       used 28231K, capacity 29133K, committed 29232K, reserved 1075200K
  class space    used 3304K, capacity 3679K, committed 3712K, reserved 1048576K
}
Event: 2.757 GC heap after
{Heap after GC invocations=6 (full 0):
 garbage-first heap   total 315392K, used 10393K [0x0000000700000000, 0x0000000800000000)
  region size 1024K, 5 young (5120K), 5 survivors (5120K)
 Metaspace       used 28231K, capacity 29133K, committed 29232K, reserved 1075200K
  class space    used 3304K, capacity 3679K, committed 3712K, reserved 1048576K
}
Event: 4.474 GC heap before
{Heap before GC invocations=6 (full 0):
 garbage-first heap   total 315392K, used 86169K [0x0000000700000000, 0x0000000800000000)
  region size 1024K, 80 young (81920K), 5 survivors (5120K)
 Metaspace       used 34695K, capacity 35757K, committed 35888K, reserved 1081344K
  class space    used 4173K, capacity 4634K, committed 4736K, reserved 1048576K
}
Event: 4.488 GC heap after
{Heap after GC invocations=7 (full 0):
 garbage-first heap   total 315392K, used 14080K [0x0000000700000000, 0x0000000800000000)
  region size 1024K, 8 young (8192K), 8 survivors (8192K)
 Metaspace       used 34695K, capacity 35757K, committed 35888K, reserved 1081344K
  class space    used 4173K, capacity 4634K, committed 4736K, reserved 1048576K
}

