# JRE version: Java(TM) SE Runtime Environment 18.9 (11.0.16+11) (build 11.0.16+11-LTS-199)
# Java VM: Java HotSpot(TM) 64-Bit Server VM 18.9 (11.0.16+11-LTS-199, mixed mode, tiered, compressed oops, g1 gc, windows-amd64)
Heap:
 garbage-first heap   total 315392K, used 15086K [0x00000004d5400000, 0x00000005d5400000)
  region size 1024K, 10 young (10240K), 10 survivors (10240K)
 Metaspace       used 34533K, capacity 35724K, committed 35888K, reserved 1081344K
  class space    used 4119K, capacity 4630K, committed 4736K, reserved 1048576K
GC Heap History (10 events):
Event: 0.650 GC heap after
{Heap after GC invocations=1 (full 0):
 garbage-first heap   total 262144K, used 5555K [0x00000004d5400000, 0x00000005d5400000)
  region size 1024K, 2 young (2048K), 2 survivors (2048K)
 Metaspace       used 10511K, capacity 10723K, committed 10880K, reserved 1058816K
  class space    used 994K, capacity 1098K, committed 1152K, reserved 1048576K
}
Event: 0.898 GC heap before
{Heap before GC invocations=1 (full 0):
 garbage-first heap   total 262144K, used 15795K [0x00000004d5400000, 0x00000005d5400000)
  region size 1024K, 12 young (12288K), 2 survivors (2048K)
 Metaspace       used 12440K, capacity 12784K, committed 13056K, reserved 1060864K
  class space    used 1260K, capacity 1414K, committed 1536K, reserved 1048576K
}
Event: 0.901 GC heap after
{Heap after GC invocations=2 (full 0):
 garbage-first heap   total 262144K, used 5660K [0x00000004d5400000, 0x00000005d5400000)
  region size 1024K, 1 young (1024K), 1 survivors (1024K)
 Metaspace       used 12440K, capacity 12784K, committed 13056K, reserved 1060864K
  class space    used 1260K, capacity 1414K, committed 1536K, reserved 1048576K
}
Event: 1.989 GC heap before
{Heap before GC invocations=2 (full 0):
 garbage-first heap   total 262144K, used 44572K [0x00000004d5400000, 0x00000005d5400000)
  region size 1024K, 39 young (39936K), 1 survivors (1024K)
 Metaspace       used 19781K, capacity 20423K, committed 20736K, reserved 1067008K
  class space    used 2205K, capacity 2489K, committed 2560K, reserved 1048576K
}
Event: 1.993 GC heap after
{Heap after GC invocations=3 (full 0):
 garbage-first heap   total 262144K, used 7514K [0x00000004d5400000, 0x00000005d5400000)
  region size 1024K, 3 young (3072K), 3 survivors (3072K)
 Metaspace       used 19781K, capacity 20423K, committed 20736K, reserved 1067008K
  class space    used 2205K, capacity 2489K, committed 2560K, reserved 1048576K
}
Event: 2.129 GC heap before
{Heap before GC invocations=3 (full 0):
 garbage-first heap   total 262144K, used 11610K [0x00000004d5400000, 0x00000005d5400000)
  region size 1024K, 8 young (8192K), 3 survivors (3072K)
 Metaspace       used 20518K, capacity 21176K, committed 21296K, reserved 1069056K
  class space    used 2305K, capacity 2615K, committed 2688K, reserved 1048576K
}
Event: 2.134 GC heap after
{Heap after GC invocations=4 (full 0):
 garbage-first heap   total 262144K, used 7793K [0x00000004d5400000, 0x00000005d5400000)
  region size 1024K, 3 young (3072K), 3 survivors (3072K)
 Metaspace       used 20518K, capacity 21176K, committed 21296K, reserved 1069056K
  class space    used 2305K, capacity 2615K, committed 2688K, reserved 1048576K
}
Event: 3.641 GC heap before
{Heap before GC invocations=5 (full 0):
 garbage-first heap   total 262144K, used 79473K [0x00000004d5400000, 0x00000005d5400000)
  region size 1024K, 74 young (75776K), 3 survivors (3072K)
 Metaspace       used 30660K, capacity 31651K, committed 31920K, reserved 1077248K
  class space    used 3594K, capacity 3996K, committed 4096K, reserved 1048576K
}
Event: 3.650 GC heap after
{Heap after GC invocations=6 (full 0):
 garbage-first heap   total 262144K, used 10327K [0x00000004d5400000, 0x00000005d5400000)
  region size 1024K, 5 young (5120K), 5 survivors (5120K)
 Metaspace       used 30660K, capacity 31651K, committed 31920K, reserved 1077248K
  class space    used 3594K, capacity 3996K, committed 4096K, reserved 1048576K
}
Event: 4.794 GC heap before
{Heap before GC invocations=6 (full 0):
 garbage-first heap   total 262144K, used 66647K [0x00000004d5400000, 0x00000005d5400000)
  region size 1024K, 61 young (62464K), 5 survivors (5120K)
 Metaspace       used 34533K, capacity 35724K, committed 35888K, reserved 1081344K
  class space    used 4119K, capacity 4630K, committed 4736K, reserved 1048576K
}

